Iteration: 1
running mutual bootstrapping... [DONE]
running meta bootstrapping... [DONE]
number of seed terms: 16
number of total patterns: 184


Iteration: 2
running mutual bootstrapping... [DONE]
running meta bootstrapping... [DONE]
number of seed terms: 20
number of total patterns: 751


Iteration: 3
running mutual bootstrapping... [DONE]
running meta bootstrapping... [DONE]
number of seed terms: 23
number of total patterns: 1755


Iteration: 4
running mutual bootstrapping... [DONE]
running meta bootstrapping... [DONE]
number of seed terms: 24
number of total patterns: 3865


Iteration: 5
running mutual bootstrapping... [DONE]
running meta bootstrapping... [DONE]
number of seed terms: 27
number of total patterns: 3916


Iteration: 6
running mutual bootstrapping... [DONE]
running meta bootstrapping... [DONE]
number of seed terms: 28
number of total patterns: 4295


Iteration: 7
running mutual bootstrapping... [DONE]
running meta bootstrapping... [DONE]
number of seed terms: 30
number of total patterns: 4488


Iteration: 8
running mutual bootstrapping... [DONE]
running meta bootstrapping... [DONE]
number of seed terms: 30
number of total patterns: 4775


Iteration: 9
running mutual bootstrapping... [DONE]
running meta bootstrapping... [DONE]
number of seed terms: 32
number of total patterns: 4775


Iteration: 10
running mutual bootstrapping... [DONE]
running meta bootstrapping... [DONE]
number of seed terms: 35
number of total patterns: 4981


saved everything
